[0.008s] Invoking command in '/home/tong/robocon_ws/r1_ws/build/r1': CMAKE_PREFIX_PATH=${CMAKE_PREFIX_PATH}:/opt/ros/foxy /usr/bin/cmake --build /home/tong/robocon_ws/r1_ws/build/r1 -- -j12 -l12
[0.018s] -- Found ament_cmake: 0.9.12 (/opt/ros/foxy/share/ament_cmake/cmake)
[0.034s] -- Using PYTHON_EXECUTABLE: /usr/bin/python3
[0.182s] -- Found rclpy: 1.0.13 (/opt/ros/foxy/share/rclpy/cmake)
[0.182s] -- Found geometry_msgs: 2.0.5 (/opt/ros/foxy/share/geometry_msgs/cmake)
[0.203s] -- Using all available rosidl_typesupport_c: rosidl_typesupport_fastrtps_c;rosidl_typesupport_introspection_c
[0.205s] -- Found rosidl_adapter: 1.3.1 (/opt/ros/foxy/share/rosidl_adapter/cmake)
[0.280s] -- Using all available rosidl_typesupport_cpp: rosidl_typesupport_fastrtps_cpp;rosidl_typesupport_introspection_cpp
[0.320s] -- Found sensor_msgs: 2.0.5 (/opt/ros/foxy/share/sensor_msgs/cmake)
[0.389s] -- Configuring done
[0.391s] -- Generating done
[0.391s] -- Build files have been written to: /home/tong/robocon_ws/r1_ws/build/r1
[0.400s] Invoked command in '/home/tong/robocon_ws/r1_ws/build/r1' returned '0': CMAKE_PREFIX_PATH=${CMAKE_PREFIX_PATH}:/opt/ros/foxy /usr/bin/cmake --build /home/tong/robocon_ws/r1_ws/build/r1 -- -j12 -l12
[0.415s] Invoking command in '/home/tong/robocon_ws/r1_ws/build/r1': CMAKE_PREFIX_PATH=${CMAKE_PREFIX_PATH}:/opt/ros/foxy /usr/bin/cmake --install /home/tong/robocon_ws/r1_ws/build/r1
[0.417s] -- Install configuration: ""
[0.417s] -- Up-to-date: /home/tong/robocon_ws/r1_ws/install/r1/lib/r1/robot_movement.py
[0.418s] [31mCMake Error at cmake_install.cmake:50 (file):
[0.418s]   file INSTALL cannot find
[0.418s]   "/home/tong/robocon_ws/r1_ws/src/r1/src/serialarduino": No such file or
[0.418s]   directory.
[0.418s] 
[0.419s] [0m
[0.420s] Invoked command in '/home/tong/robocon_ws/r1_ws/build/r1' returned '1': CMAKE_PREFIX_PATH=${CMAKE_PREFIX_PATH}:/opt/ros/foxy /usr/bin/cmake --install /home/tong/robocon_ws/r1_ws/build/r1
