[0.010s] Invoking command in '/home/tong/robocon_ws/r1_ws/build/r1': CMAKE_PREFIX_PATH=${CMAKE_PREFIX_PATH}:/opt/ros/foxy /usr/bin/cmake /home/tong/robocon_ws/r1_ws/src/r1 -DCMAKE_INSTALL_PREFIX=/home/tong/robocon_ws/r1_ws/install/r1
[0.055s] -- The C compiler identification is GNU 11.4.0
[0.100s] -- The CXX compiler identification is GNU 11.4.0
[0.109s] -- Detecting C compiler ABI info
[0.151s] -- Detecting C compiler ABI info - done
[0.160s] -- Check for working C compiler: /usr/bin/cc - skipped
[0.161s] -- Detecting C compile features
[0.161s] -- Detecting C compile features - done
[0.164s] -- Detecting CXX compiler ABI info
[0.212s] -- Detecting CXX compiler ABI info - done
[0.221s] -- Check for working CXX compiler: /usr/bin/c++ - skipped
[0.222s] -- Detecting CXX compile features
[0.222s] -- Detecting CXX compile features - done
[0.225s] -- Found ament_cmake: 0.9.12 (/opt/ros/foxy/share/ament_cmake/cmake)
[0.243s] -- Found PythonInterp: /usr/bin/python3 (found suitable version "3.8.10", minimum required is "3") 
[0.243s] -- Using PYTHON_EXECUTABLE: /usr/bin/python3
[0.406s] -- Found rclpy: 1.0.13 (/opt/ros/foxy/share/rclpy/cmake)
[0.406s] -- Found geometry_msgs: 2.0.5 (/opt/ros/foxy/share/geometry_msgs/cmake)
[0.426s] -- Using all available rosidl_typesupport_c: rosidl_typesupport_fastrtps_c;rosidl_typesupport_introspection_c
[0.429s] -- Found rosidl_adapter: 1.3.1 (/opt/ros/foxy/share/rosidl_adapter/cmake)
[0.482s] -- Found OpenSSL: /usr/lib/x86_64-linux-gnu/libcrypto.so (found version "1.1.1f")  
[0.502s] -- Found FastRTPS: /opt/ros/foxy/include  
[0.554s] -- Using all available rosidl_typesupport_cpp: rosidl_typesupport_fastrtps_cpp;rosidl_typesupport_introspection_cpp
[0.596s] -- Found sensor_msgs: 2.0.5 (/opt/ros/foxy/share/sensor_msgs/cmake)
[0.676s] -- Configuring done
[0.679s] -- Generating done
[0.681s] -- Build files have been written to: /home/tong/robocon_ws/r1_ws/build/r1
[0.691s] Invoked command in '/home/tong/robocon_ws/r1_ws/build/r1' returned '0': CMAKE_PREFIX_PATH=${CMAKE_PREFIX_PATH}:/opt/ros/foxy /usr/bin/cmake /home/tong/robocon_ws/r1_ws/src/r1 -DCMAKE_INSTALL_PREFIX=/home/tong/robocon_ws/r1_ws/install/r1
[0.692s] Invoking command in '/home/tong/robocon_ws/r1_ws/build/r1': CMAKE_PREFIX_PATH=${CMAKE_PREFIX_PATH}:/opt/ros/foxy /usr/bin/cmake --build /home/tong/robocon_ws/r1_ws/build/r1 -- -j12 -l12
[0.704s] Invoked command in '/home/tong/robocon_ws/r1_ws/build/r1' returned '0': CMAKE_PREFIX_PATH=${CMAKE_PREFIX_PATH}:/opt/ros/foxy /usr/bin/cmake --build /home/tong/robocon_ws/r1_ws/build/r1 -- -j12 -l12
[0.722s] Invoking command in '/home/tong/robocon_ws/r1_ws/build/r1': CMAKE_PREFIX_PATH=${CMAKE_PREFIX_PATH}:/opt/ros/foxy /usr/bin/cmake --install /home/tong/robocon_ws/r1_ws/build/r1
[0.725s] -- Install configuration: ""
[0.725s] -- Installing: /home/tong/robocon_ws/r1_ws/install/r1/lib/r1/robot_movement.py
[0.725s] -- Installing: /home/tong/robocon_ws/r1_ws/install/r1/share/r1/launch
[0.725s] -- Installing: /home/tong/robocon_ws/r1_ws/install/r1/share/r1/launch/camera.launch.py
[0.725s] -- Installing: /home/tong/robocon_ws/r1_ws/install/r1/share/r1/launch/r1.launch.py
[0.726s] -- Installing: /home/tong/robocon_ws/r1_ws/install/r1/share/ament_index/resource_index/package_run_dependencies/r1
[0.726s] -- Installing: /home/tong/robocon_ws/r1_ws/install/r1/share/ament_index/resource_index/parent_prefix_path/r1
[0.726s] -- Installing: /home/tong/robocon_ws/r1_ws/install/r1/share/r1/environment/ament_prefix_path.sh
[0.726s] -- Installing: /home/tong/robocon_ws/r1_ws/install/r1/share/r1/environment/ament_prefix_path.dsv
[0.726s] -- Installing: /home/tong/robocon_ws/r1_ws/install/r1/share/r1/environment/path.sh
[0.726s] -- Installing: /home/tong/robocon_ws/r1_ws/install/r1/share/r1/environment/path.dsv
[0.726s] -- Installing: /home/tong/robocon_ws/r1_ws/install/r1/share/r1/local_setup.bash
[0.726s] -- Installing: /home/tong/robocon_ws/r1_ws/install/r1/share/r1/local_setup.sh
[0.726s] -- Installing: /home/tong/robocon_ws/r1_ws/install/r1/share/r1/local_setup.zsh
[0.726s] -- Installing: /home/tong/robocon_ws/r1_ws/install/r1/share/r1/local_setup.dsv
[0.726s] -- Installing: /home/tong/robocon_ws/r1_ws/install/r1/share/r1/package.dsv
[0.726s] -- Installing: /home/tong/robocon_ws/r1_ws/install/r1/share/ament_index/resource_index/packages/r1
[0.727s] -- Installing: /home/tong/robocon_ws/r1_ws/install/r1/share/r1/cmake/r1Config.cmake
[0.727s] -- Installing: /home/tong/robocon_ws/r1_ws/install/r1/share/r1/cmake/r1Config-version.cmake
[0.727s] -- Installing: /home/tong/robocon_ws/r1_ws/install/r1/share/r1/package.xml
[0.728s] Invoked command in '/home/tong/robocon_ws/r1_ws/build/r1' returned '0': CMAKE_PREFIX_PATH=${CMAKE_PREFIX_PATH}:/opt/ros/foxy /usr/bin/cmake --install /home/tong/robocon_ws/r1_ws/build/r1
