[0.571s] DEBUG:colcon:Command line arguments: ['/usr/bin/colcon', 'build']
[0.571s] DEBUG:colcon:Parsed command line arguments: Namespace(allow_overriding=[], ament_cmake_args=None, base_paths=['.'], build_base='build', catkin_cmake_args=None, catkin_skip_building_tests=False, cmake_args=None, cmake_clean_cache=False, cmake_clean_first=False, cmake_force_configure=False, cmake_target=None, cmake_target_skip_unavailable=False, continue_on_error=False, event_handlers=None, executor='parallel', ignore_user_meta=False, install_base='install', log_base=None, log_level=None, main=<bound method BuildVerb.main of <colcon_core.verb.build.BuildVerb object at 0x7f0ccec7d0a0>>, merge_install=False, metas=['./colcon.meta'], mixin=None, mixin_files=None, mixin_verb=('build',), packages_above=None, packages_above_and_dependencies=None, packages_above_depth=None, packages_end=None, packages_ignore=None, packages_ignore_regex=None, packages_select=None, packages_select_build_failed=False, packages_select_by_dep=None, packages_select_regex=None, packages_select_test_failures=False, packages_skip=None, packages_skip_build_finished=False, packages_skip_by_dep=None, packages_skip_regex=None, packages_skip_test_passed=False, packages_skip_up_to=None, packages_start=None, packages_up_to=None, packages_up_to_regex=None, parallel_workers=12, paths=None, symlink_install=False, test_result_base=None, verb_extension=<colcon_core.verb.build.BuildVerb object at 0x7f0ccec7d0a0>, verb_name='build', verb_parser=<colcon_mixin.mixin.mixin_argument.MixinArgumentDecorator object at 0x7f0cceadc370>)
[1.279s] Level 1:colcon.colcon_core.package_discovery:discover_packages(colcon_meta) check parameters
[1.280s] Level 1:colcon.colcon_core.package_discovery:discover_packages(recursive) check parameters
[1.280s] Level 1:colcon.colcon_core.package_discovery:discover_packages(ignore) check parameters
[1.280s] Level 1:colcon.colcon_core.package_discovery:discover_packages(path) check parameters
[1.280s] Level 1:colcon.colcon_core.package_discovery:discover_packages(colcon_meta) discover
[1.280s] Level 1:colcon.colcon_core.package_discovery:discover_packages(recursive) discover
[1.280s] INFO:colcon.colcon_core.package_discovery:Crawling recursively for packages in '/home/tong/r1_ws'
[1.280s] Level 1:colcon.colcon_core.package_identification:_identify(.) by extensions ['ignore', 'ignore_ament_install']
[1.281s] Level 1:colcon.colcon_core.package_identification:_identify(.) by extension 'ignore'
[1.281s] Level 1:colcon.colcon_core.package_identification:_identify(.) by extension 'ignore_ament_install'
[1.281s] Level 1:colcon.colcon_core.package_identification:_identify(.) by extensions ['colcon_pkg']
[1.281s] Level 1:colcon.colcon_core.package_identification:_identify(.) by extension 'colcon_pkg'
[1.281s] Level 1:colcon.colcon_core.package_identification:_identify(.) by extensions ['colcon_meta']
[1.281s] Level 1:colcon.colcon_core.package_identification:_identify(.) by extension 'colcon_meta'
[1.281s] Level 1:colcon.colcon_core.package_identification:_identify(.) by extensions ['ros']
[1.281s] Level 1:colcon.colcon_core.package_identification:_identify(.) by extension 'ros'
[1.307s] Level 1:colcon.colcon_core.package_identification:_identify(.) by extensions ['cmake', 'python']
[1.307s] Level 1:colcon.colcon_core.package_identification:_identify(.) by extension 'cmake'
[1.307s] Level 1:colcon.colcon_core.package_identification:_identify(.) by extension 'python'
[1.307s] Level 1:colcon.colcon_core.package_identification:_identify(.) by extensions ['python_setup_py']
[1.307s] Level 1:colcon.colcon_core.package_identification:_identify(.) by extension 'python_setup_py'
[1.307s] Level 1:colcon.colcon_core.package_identification:_identify(build) by extensions ['ignore', 'ignore_ament_install']
[1.308s] Level 1:colcon.colcon_core.package_identification:_identify(build) by extension 'ignore'
[1.308s] Level 1:colcon.colcon_core.package_identification:_identify(build) ignored
[1.308s] Level 1:colcon.colcon_core.package_identification:_identify(install) by extensions ['ignore', 'ignore_ament_install']
[1.308s] Level 1:colcon.colcon_core.package_identification:_identify(install) by extension 'ignore'
[1.308s] Level 1:colcon.colcon_core.package_identification:_identify(install) ignored
[1.308s] Level 1:colcon.colcon_core.package_identification:_identify(log) by extensions ['ignore', 'ignore_ament_install']
[1.308s] Level 1:colcon.colcon_core.package_identification:_identify(log) by extension 'ignore'
[1.309s] Level 1:colcon.colcon_core.package_identification:_identify(log) ignored
[1.309s] Level 1:colcon.colcon_core.package_identification:_identify(src) by extensions ['ignore', 'ignore_ament_install']
[1.309s] Level 1:colcon.colcon_core.package_identification:_identify(src) by extension 'ignore'
[1.309s] Level 1:colcon.colcon_core.package_identification:_identify(src) by extension 'ignore_ament_install'
[1.309s] Level 1:colcon.colcon_core.package_identification:_identify(src) by extensions ['colcon_pkg']
[1.309s] Level 1:colcon.colcon_core.package_identification:_identify(src) by extension 'colcon_pkg'
[1.309s] Level 1:colcon.colcon_core.package_identification:_identify(src) by extensions ['colcon_meta']
[1.309s] Level 1:colcon.colcon_core.package_identification:_identify(src) by extension 'colcon_meta'
[1.309s] Level 1:colcon.colcon_core.package_identification:_identify(src) by extensions ['ros']
[1.309s] Level 1:colcon.colcon_core.package_identification:_identify(src) by extension 'ros'
[1.310s] Level 1:colcon.colcon_core.package_identification:_identify(src) by extensions ['cmake', 'python']
[1.310s] Level 1:colcon.colcon_core.package_identification:_identify(src) by extension 'cmake'
[1.310s] Level 1:colcon.colcon_core.package_identification:_identify(src) by extension 'python'
[1.310s] Level 1:colcon.colcon_core.package_identification:_identify(src) by extensions ['python_setup_py']
[1.310s] Level 1:colcon.colcon_core.package_identification:_identify(src) by extension 'python_setup_py'
[1.310s] Level 1:colcon.colcon_core.package_identification:_identify(src/r1) by extensions ['ignore', 'ignore_ament_install']
[1.310s] Level 1:colcon.colcon_core.package_identification:_identify(src/r1) by extension 'ignore'
[1.311s] Level 1:colcon.colcon_core.package_identification:_identify(src/r1) by extension 'ignore_ament_install'
[1.311s] Level 1:colcon.colcon_core.package_identification:_identify(src/r1) by extensions ['colcon_pkg']
[1.311s] Level 1:colcon.colcon_core.package_identification:_identify(src/r1) by extension 'colcon_pkg'
[1.311s] Level 1:colcon.colcon_core.package_identification:_identify(src/r1) by extensions ['colcon_meta']
[1.311s] Level 1:colcon.colcon_core.package_identification:_identify(src/r1) by extension 'colcon_meta'
[1.311s] Level 1:colcon.colcon_core.package_identification:_identify(src/r1) by extensions ['ros']
[1.311s] Level 1:colcon.colcon_core.package_identification:_identify(src/r1) by extension 'ros'
[1.317s] DEBUG:colcon.colcon_core.package_identification:Package 'src/r1' with type 'ros.ament_cmake' and name 'r1'
[1.317s] Level 1:colcon.colcon_core.package_discovery:discover_packages(recursive) using defaults
[1.317s] Level 1:colcon.colcon_core.package_discovery:discover_packages(ignore) discover
[1.317s] Level 1:colcon.colcon_core.package_discovery:discover_packages(ignore) using defaults
[1.317s] Level 1:colcon.colcon_core.package_discovery:discover_packages(path) discover
[1.317s] Level 1:colcon.colcon_core.package_discovery:discover_packages(path) using defaults
[1.356s] Level 1:colcon.colcon_core.package_discovery:discover_packages(prefix_path) check parameters
[1.356s] Level 1:colcon.colcon_core.package_discovery:discover_packages(prefix_path) discover
[1.358s] WARNING:colcon.colcon_ros.prefix_path.ament:The path '/home/tong/r1_ws/install/r1' in the environment variable AMENT_PREFIX_PATH doesn't exist
[1.358s] WARNING:colcon.colcon_ros.prefix_path.catkin:The path '/home/tong/r1_ws/install/r1' in the environment variable CMAKE_PREFIX_PATH doesn't exist
[1.360s] DEBUG:colcon.colcon_installed_package_information.package_discovery:Found 0 installed packages in /home/tong/r1_ws/install
[1.362s] DEBUG:colcon.colcon_installed_package_information.package_discovery:Found 274 installed packages in /opt/ros/foxy
[1.365s] Level 1:colcon.colcon_core.package_discovery:discover_packages(prefix_path) using defaults
[1.492s] Level 5:colcon.colcon_core.verb:set package 'r1' build argument 'cmake_args' from command line to 'None'
[1.493s] Level 5:colcon.colcon_core.verb:set package 'r1' build argument 'cmake_target' from command line to 'None'
[1.493s] Level 5:colcon.colcon_core.verb:set package 'r1' build argument 'cmake_target_skip_unavailable' from command line to 'False'
[1.493s] Level 5:colcon.colcon_core.verb:set package 'r1' build argument 'cmake_clean_cache' from command line to 'False'
[1.493s] Level 5:colcon.colcon_core.verb:set package 'r1' build argument 'cmake_clean_first' from command line to 'False'
[1.493s] Level 5:colcon.colcon_core.verb:set package 'r1' build argument 'cmake_force_configure' from command line to 'False'
[1.493s] Level 5:colcon.colcon_core.verb:set package 'r1' build argument 'ament_cmake_args' from command line to 'None'
[1.493s] Level 5:colcon.colcon_core.verb:set package 'r1' build argument 'catkin_cmake_args' from command line to 'None'
[1.493s] Level 5:colcon.colcon_core.verb:set package 'r1' build argument 'catkin_skip_building_tests' from command line to 'False'
[1.493s] DEBUG:colcon.colcon_core.verb:Building package 'r1' with the following arguments: {'ament_cmake_args': None, 'build_base': '/home/tong/r1_ws/build/r1', 'catkin_cmake_args': None, 'catkin_skip_building_tests': False, 'cmake_args': None, 'cmake_clean_cache': False, 'cmake_clean_first': False, 'cmake_force_configure': False, 'cmake_target': None, 'cmake_target_skip_unavailable': False, 'install_base': '/home/tong/r1_ws/install/r1', 'merge_install': False, 'path': '/home/tong/r1_ws/src/r1', 'symlink_install': False, 'test_result_base': None}
[1.493s] INFO:colcon.colcon_core.executor:Executing jobs using 'parallel' executor
[1.495s] DEBUG:colcon.colcon_parallel_executor.executor.parallel:run_until_complete
[1.495s] INFO:colcon.colcon_ros.task.ament_cmake.build:Building ROS package in '/home/tong/r1_ws/src/r1' with build type 'ament_cmake'
[1.496s] INFO:colcon.colcon_cmake.task.cmake.build:Building CMake package in '/home/tong/r1_ws/src/r1'
[1.500s] INFO:colcon.colcon_core.plugin_system:Skipping extension 'colcon_core.shell.bat': Not used on non-Windows systems
[1.500s] INFO:colcon.colcon_core.shell:Skip shell extension 'powershell' for command environment: Not usable outside of PowerShell
[1.500s] DEBUG:colcon.colcon_core.shell:Skip shell extension 'dsv' for command environment
[1.523s] DEBUG:colcon.colcon_core.event_handler.log_command:Invoking command in '/home/tong/r1_ws/build/r1': CMAKE_PREFIX_PATH=${CMAKE_PREFIX_PATH}:/opt/ros/foxy /usr/bin/cmake /home/tong/r1_ws/src/r1 -DCMAKE_INSTALL_PREFIX=/home/tong/r1_ws/install/r1
[4.331s] DEBUG:colcon.colcon_core.event_handler.log_command:Invoked command in '/home/tong/r1_ws/build/r1' returned '0': CMAKE_PREFIX_PATH=${CMAKE_PREFIX_PATH}:/opt/ros/foxy /usr/bin/cmake /home/tong/r1_ws/src/r1 -DCMAKE_INSTALL_PREFIX=/home/tong/r1_ws/install/r1
[4.333s] DEBUG:colcon.colcon_core.event_handler.log_command:Invoking command in '/home/tong/r1_ws/build/r1': CMAKE_PREFIX_PATH=${CMAKE_PREFIX_PATH}:/opt/ros/foxy /usr/bin/cmake --build /home/tong/r1_ws/build/r1 -- -j12 -l12
[4.385s] DEBUG:colcon.colcon_core.event_handler.log_command:Invoked command in '/home/tong/r1_ws/build/r1' returned '0': CMAKE_PREFIX_PATH=${CMAKE_PREFIX_PATH}:/opt/ros/foxy /usr/bin/cmake --build /home/tong/r1_ws/build/r1 -- -j12 -l12
[4.426s] DEBUG:colcon.colcon_core.event_handler.log_command:Invoking command in '/home/tong/r1_ws/build/r1': CMAKE_PREFIX_PATH=${CMAKE_PREFIX_PATH}:/opt/ros/foxy /usr/bin/cmake --install /home/tong/r1_ws/build/r1
[4.446s] Level 1:colcon.colcon_core.environment:create_environment_scripts_only(r1)
[4.449s] DEBUG:colcon.colcon_core.event_handler.log_command:Invoked command in '/home/tong/r1_ws/build/r1' returned '0': CMAKE_PREFIX_PATH=${CMAKE_PREFIX_PATH}:/opt/ros/foxy /usr/bin/cmake --install /home/tong/r1_ws/build/r1
[4.456s] Level 1:colcon.colcon_core.environment:checking '/home/tong/r1_ws/install/r1' for CMake module files
[4.457s] Level 1:colcon.colcon_core.environment:checking '/home/tong/r1_ws/install/r1' for CMake config files
[4.457s] Level 1:colcon.colcon_core.shell:create_environment_hook('r1', 'cmake_prefix_path')
[4.458s] INFO:colcon.colcon_core.shell:Creating environment hook '/home/tong/r1_ws/install/r1/share/r1/hook/cmake_prefix_path.ps1'
[4.459s] INFO:colcon.colcon_core.shell:Creating environment descriptor '/home/tong/r1_ws/install/r1/share/r1/hook/cmake_prefix_path.dsv'
[4.460s] INFO:colcon.colcon_core.shell:Creating environment hook '/home/tong/r1_ws/install/r1/share/r1/hook/cmake_prefix_path.sh'
[4.462s] Level 1:colcon.colcon_core.environment:checking '/home/tong/r1_ws/install/r1/lib'
[4.463s] Level 1:colcon.colcon_core.environment:checking '/home/tong/r1_ws/install/r1/bin'
[4.463s] Level 1:colcon.colcon_core.environment:checking '/home/tong/r1_ws/install/r1/lib/pkgconfig/r1.pc'
[4.463s] Level 1:colcon.colcon_core.environment:checking '/home/tong/r1_ws/install/r1/lib/python3.8/site-packages'
[4.464s] Level 1:colcon.colcon_core.environment:checking '/home/tong/r1_ws/install/r1/bin'
[4.464s] INFO:colcon.colcon_core.shell:Creating package script '/home/tong/r1_ws/install/r1/share/r1/package.ps1'
[4.465s] INFO:colcon.colcon_core.shell:Creating package descriptor '/home/tong/r1_ws/install/r1/share/r1/package.dsv'
[4.466s] INFO:colcon.colcon_core.shell:Creating package script '/home/tong/r1_ws/install/r1/share/r1/package.sh'
[4.467s] INFO:colcon.colcon_core.shell:Creating package script '/home/tong/r1_ws/install/r1/share/r1/package.bash'
[4.469s] INFO:colcon.colcon_core.shell:Creating package script '/home/tong/r1_ws/install/r1/share/r1/package.zsh'
[4.469s] Level 1:colcon.colcon_core.environment:create_file_with_runtime_dependencies(/home/tong/r1_ws/install/r1/share/colcon-core/packages/r1)
[4.496s] Level 1:colcon.colcon_core.environment:create_environment_scripts_only(r1)
[4.497s] Level 1:colcon.colcon_core.environment:checking '/home/tong/r1_ws/install/r1' for CMake module files
[4.499s] Level 1:colcon.colcon_core.environment:checking '/home/tong/r1_ws/install/r1' for CMake config files
[4.500s] Level 1:colcon.colcon_core.shell:create_environment_hook('r1', 'cmake_prefix_path')
[4.501s] INFO:colcon.colcon_core.shell:Creating environment hook '/home/tong/r1_ws/install/r1/share/r1/hook/cmake_prefix_path.ps1'
[4.503s] INFO:colcon.colcon_core.shell:Creating environment descriptor '/home/tong/r1_ws/install/r1/share/r1/hook/cmake_prefix_path.dsv'
[4.504s] INFO:colcon.colcon_core.shell:Creating environment hook '/home/tong/r1_ws/install/r1/share/r1/hook/cmake_prefix_path.sh'
[4.506s] Level 1:colcon.colcon_core.environment:checking '/home/tong/r1_ws/install/r1/lib'
[4.506s] Level 1:colcon.colcon_core.environment:checking '/home/tong/r1_ws/install/r1/bin'
[4.506s] Level 1:colcon.colcon_core.environment:checking '/home/tong/r1_ws/install/r1/lib/pkgconfig/r1.pc'
[4.507s] Level 1:colcon.colcon_core.environment:checking '/home/tong/r1_ws/install/r1/lib/python3.8/site-packages'
[4.508s] Level 1:colcon.colcon_core.environment:checking '/home/tong/r1_ws/install/r1/bin'
[4.509s] INFO:colcon.colcon_core.shell:Creating package script '/home/tong/r1_ws/install/r1/share/r1/package.ps1'
[4.512s] INFO:colcon.colcon_core.shell:Creating package descriptor '/home/tong/r1_ws/install/r1/share/r1/package.dsv'
[4.514s] INFO:colcon.colcon_core.shell:Creating package script '/home/tong/r1_ws/install/r1/share/r1/package.sh'
[4.515s] INFO:colcon.colcon_core.shell:Creating package script '/home/tong/r1_ws/install/r1/share/r1/package.bash'
[4.515s] INFO:colcon.colcon_core.shell:Creating package script '/home/tong/r1_ws/install/r1/share/r1/package.zsh'
[4.516s] Level 1:colcon.colcon_core.environment:create_file_with_runtime_dependencies(/home/tong/r1_ws/install/r1/share/colcon-core/packages/r1)
[4.516s] DEBUG:colcon.colcon_parallel_executor.executor.parallel:closing loop
[4.517s] DEBUG:colcon.colcon_parallel_executor.executor.parallel:loop closed
[4.518s] DEBUG:colcon.colcon_parallel_executor.executor.parallel:run_until_complete finished with '0'
[4.518s] DEBUG:colcon.colcon_core.event_reactor:joining thread
[4.536s] INFO:colcon.colcon_core.plugin_system:Skipping extension 'colcon_notification.desktop_notification.terminal_notifier': Not used on non-Darwin systems
[4.536s] INFO:colcon.colcon_core.plugin_system:Skipping extension 'colcon_notification.desktop_notification.win32': Not used on non-Windows systems
[4.537s] INFO:colcon.colcon_notification.desktop_notification:Sending desktop notification using 'notify2'
[4.573s] DEBUG:colcon.colcon_core.event_reactor:joined thread
[4.574s] INFO:colcon.colcon_core.shell:Creating prefix script '/home/tong/r1_ws/install/local_setup.ps1'
[4.577s] INFO:colcon.colcon_core.shell:Creating prefix util module '/home/tong/r1_ws/install/_local_setup_util_ps1.py'
[4.580s] INFO:colcon.colcon_core.shell:Creating prefix chain script '/home/tong/r1_ws/install/setup.ps1'
[4.582s] INFO:colcon.colcon_core.shell:Creating prefix script '/home/tong/r1_ws/install/local_setup.sh'
[4.582s] INFO:colcon.colcon_core.shell:Creating prefix util module '/home/tong/r1_ws/install/_local_setup_util_sh.py'
[4.583s] INFO:colcon.colcon_core.shell:Creating prefix chain script '/home/tong/r1_ws/install/setup.sh'
[4.584s] INFO:colcon.colcon_core.shell:Creating prefix script '/home/tong/r1_ws/install/local_setup.bash'
[4.585s] INFO:colcon.colcon_core.shell:Creating prefix chain script '/home/tong/r1_ws/install/setup.bash'
[4.587s] INFO:colcon.colcon_core.shell:Creating prefix script '/home/tong/r1_ws/install/local_setup.zsh'
[4.587s] INFO:colcon.colcon_core.shell:Creating prefix chain script '/home/tong/r1_ws/install/setup.zsh'
