[0.034s] Invoking command in '/home/tong/r1_ws/build/r1': CMAKE_PREFIX_PATH=${CMAKE_PREFIX_PATH}:/opt/ros/foxy /usr/bin/cmake --build /home/tong/r1_ws/build/r1 -- -j12 -l12
[0.070s] Invoked command in '/home/tong/r1_ws/build/r1' returned '0': CMAKE_PREFIX_PATH=${CMAKE_PREFIX_PATH}:/opt/ros/foxy /usr/bin/cmake --build /home/tong/r1_ws/build/r1 -- -j12 -l12
[0.112s] Invoking command in '/home/tong/r1_ws/build/r1': CMAKE_PREFIX_PATH=${CMAKE_PREFIX_PATH}:/opt/ros/foxy /usr/bin/cmake --install /home/tong/r1_ws/build/r1
[0.117s] -- Install configuration: ""
[0.118s] -- Up-to-date: /home/tong/r1_ws/install/r1/lib/r1/robot_movement.py
[0.118s] -- Up-to-date: /home/tong/r1_ws/install/r1/lib/r1/camera_node.py
[0.119s] -- Up-to-date: /home/tong/r1_ws/install/r1/lib/r1/odometry.py
[0.119s] -- Up-to-date: /home/tong/r1_ws/install/r1/share/r1/launch
[0.120s] -- Up-to-date: /home/tong/r1_ws/install/r1/share/r1/launch/camera.launch.py
[0.120s] -- Installing: /home/tong/r1_ws/install/r1/share/r1/launch/r1.launch.py
[0.121s] -- Up-to-date: /home/tong/r1_ws/install/r1/share/ament_index/resource_index/package_run_dependencies/r1
[0.122s] -- Up-to-date: /home/tong/r1_ws/install/r1/share/ament_index/resource_index/parent_prefix_path/r1
[0.123s] -- Up-to-date: /home/tong/r1_ws/install/r1/share/r1/environment/ament_prefix_path.sh
[0.123s] -- Up-to-date: /home/tong/r1_ws/install/r1/share/r1/environment/ament_prefix_path.dsv
[0.124s] -- Up-to-date: /home/tong/r1_ws/install/r1/share/r1/environment/path.sh
[0.125s] -- Up-to-date: /home/tong/r1_ws/install/r1/share/r1/environment/path.dsv
[0.125s] -- Up-to-date: /home/tong/r1_ws/install/r1/share/r1/local_setup.bash
[0.126s] -- Up-to-date: /home/tong/r1_ws/install/r1/share/r1/local_setup.sh
[0.126s] -- Up-to-date: /home/tong/r1_ws/install/r1/share/r1/local_setup.zsh
[0.127s] -- Up-to-date: /home/tong/r1_ws/install/r1/share/r1/local_setup.dsv
[0.127s] -- Installing: /home/tong/r1_ws/install/r1/share/r1/package.dsv
[0.128s] -- Up-to-date: /home/tong/r1_ws/install/r1/share/ament_index/resource_index/packages/r1
[0.128s] -- Up-to-date: /home/tong/r1_ws/install/r1/share/r1/cmake/r1Config.cmake
[0.129s] -- Up-to-date: /home/tong/r1_ws/install/r1/share/r1/cmake/r1Config-version.cmake
[0.130s] -- Up-to-date: /home/tong/r1_ws/install/r1/share/r1/package.xml
[0.131s] Invoked command in '/home/tong/r1_ws/build/r1' returned '0': CMAKE_PREFIX_PATH=${CMAKE_PREFIX_PATH}:/opt/ros/foxy /usr/bin/cmake --install /home/tong/r1_ws/build/r1
