[0.025s] Invoking command in '/home/tong/r1_ws/build/r1': CMAKE_PREFIX_PATH=${CMAKE_PREFIX_PATH}:/opt/ros/foxy /usr/bin/cmake /home/tong/r1_ws/src/r1 -DCMAKE_INSTALL_PREFIX=/home/tong/r1_ws/install/r1
[0.278s] -- The C compiler identification is GNU 11.4.0
[0.523s] -- The CXX compiler identification is GNU 11.4.0
[0.553s] -- Detecting C compiler ABI info
[0.669s] -- Detecting C compiler ABI info - done
[0.691s] -- Check for working C compiler: /usr/bin/cc - skipped
[0.692s] -- Detecting C compile features
[0.694s] -- Detecting C compile features - done
[0.701s] -- Detecting CXX compiler ABI info
[0.825s] -- Detecting CXX compiler ABI info - done
[0.849s] -- Check for working CXX compiler: /usr/bin/c++ - skipped
[0.849s] -- Detecting CXX compile features
[0.850s] -- Detecting CXX compile features - done
[0.857s] -- Found ament_cmake: 0.9.12 (/opt/ros/foxy/share/ament_cmake/cmake)
[0.907s] -- Found PythonInterp: /usr/bin/python3 (found suitable version "3.8.10", minimum required is "3") 
[0.907s] -- Using PYTHON_EXECUTABLE: /usr/bin/python3
[1.486s] -- Found rclpy: 1.0.13 (/opt/ros/foxy/share/rclpy/cmake)
[1.490s] -- Found geometry_msgs: 2.0.5 (/opt/ros/foxy/share/geometry_msgs/cmake)
[1.582s] -- Using all available rosidl_typesupport_c: rosidl_typesupport_fastrtps_c;rosidl_typesupport_introspection_c
[1.595s] -- Found rosidl_adapter: 1.3.1 (/opt/ros/foxy/share/rosidl_adapter/cmake)
[1.791s] -- Found OpenSSL: /usr/lib/x86_64-linux-gnu/libcrypto.so (found version "1.1.1f")  
[1.904s] -- Found FastRTPS: /opt/ros/foxy/include  
[2.175s] -- Using all available rosidl_typesupport_cpp: rosidl_typesupport_fastrtps_cpp;rosidl_typesupport_introspection_cpp
[2.425s] -- Found sensor_msgs: 2.0.5 (/opt/ros/foxy/share/sensor_msgs/cmake)
[2.790s] -- Configuring done
[2.802s] -- Generating done
[2.806s] -- Build files have been written to: /home/tong/r1_ws/build/r1
[2.834s] Invoked command in '/home/tong/r1_ws/build/r1' returned '0': CMAKE_PREFIX_PATH=${CMAKE_PREFIX_PATH}:/opt/ros/foxy /usr/bin/cmake /home/tong/r1_ws/src/r1 -DCMAKE_INSTALL_PREFIX=/home/tong/r1_ws/install/r1
[2.836s] Invoking command in '/home/tong/r1_ws/build/r1': CMAKE_PREFIX_PATH=${CMAKE_PREFIX_PATH}:/opt/ros/foxy /usr/bin/cmake --build /home/tong/r1_ws/build/r1 -- -j12 -l12
[2.888s] Invoked command in '/home/tong/r1_ws/build/r1' returned '0': CMAKE_PREFIX_PATH=${CMAKE_PREFIX_PATH}:/opt/ros/foxy /usr/bin/cmake --build /home/tong/r1_ws/build/r1 -- -j12 -l12
[2.929s] Invoking command in '/home/tong/r1_ws/build/r1': CMAKE_PREFIX_PATH=${CMAKE_PREFIX_PATH}:/opt/ros/foxy /usr/bin/cmake --install /home/tong/r1_ws/build/r1
[2.935s] -- Install configuration: ""
[2.936s] -- Installing: /home/tong/r1_ws/install/r1/lib/r1/robot_movement.py
[2.936s] -- Installing: /home/tong/r1_ws/install/r1/lib/r1/camera_node.py
[2.937s] -- Installing: /home/tong/r1_ws/install/r1/lib/r1/odometry.py
[2.938s] -- Installing: /home/tong/r1_ws/install/r1/share/r1/launch
[2.938s] -- Installing: /home/tong/r1_ws/install/r1/share/r1/launch/camera.launch.py
[2.939s] -- Installing: /home/tong/r1_ws/install/r1/share/r1/launch/r1.launch.py
[2.939s] -- Installing: /home/tong/r1_ws/install/r1/share/ament_index/resource_index/package_run_dependencies/r1
[2.939s] -- Installing: /home/tong/r1_ws/install/r1/share/ament_index/resource_index/parent_prefix_path/r1
[2.940s] -- Installing: /home/tong/r1_ws/install/r1/share/r1/environment/ament_prefix_path.sh
[2.940s] -- Installing: /home/tong/r1_ws/install/r1/share/r1/environment/ament_prefix_path.dsv
[2.940s] -- Installing: /home/tong/r1_ws/install/r1/share/r1/environment/path.sh
[2.941s] -- Installing: /home/tong/r1_ws/install/r1/share/r1/environment/path.dsv
[2.941s] -- Installing: /home/tong/r1_ws/install/r1/share/r1/local_setup.bash
[2.941s] -- Installing: /home/tong/r1_ws/install/r1/share/r1/local_setup.sh
[2.942s] -- Installing: /home/tong/r1_ws/install/r1/share/r1/local_setup.zsh
[2.942s] -- Installing: /home/tong/r1_ws/install/r1/share/r1/local_setup.dsv
[2.943s] -- Installing: /home/tong/r1_ws/install/r1/share/r1/package.dsv
[2.943s] -- Installing: /home/tong/r1_ws/install/r1/share/ament_index/resource_index/packages/r1
[2.943s] -- Installing: /home/tong/r1_ws/install/r1/share/r1/cmake/r1Config.cmake
[2.943s] -- Installing: /home/tong/r1_ws/install/r1/share/r1/cmake/r1Config-version.cmake
[2.944s] -- Installing: /home/tong/r1_ws/install/r1/share/r1/package.xml
[2.952s] Invoked command in '/home/tong/r1_ws/build/r1' returned '0': CMAKE_PREFIX_PATH=${CMAKE_PREFIX_PATH}:/opt/ros/foxy /usr/bin/cmake --install /home/tong/r1_ws/build/r1
