[0.010s] Invoking command in '/home/tong/r1_ws/build/r1': CMAKE_PREFIX_PATH=${CMAKE_PREFIX_PATH}:/home/tong/robocon_ws/r1_ws/install/joy_tester:/opt/ros/foxy /usr/bin/cmake /home/tong/r1_ws/src/r1 -DCMAKE_INSTALL_PREFIX=/home/tong/r1_ws/install/r1
[0.070s] -- The C compiler identification is GNU 11.4.0
[0.109s] -- The CXX compiler identification is GNU 11.4.0
[0.118s] -- Detecting C compiler ABI info
[0.163s] -- Detecting C compiler ABI info - done
[0.169s] -- Check for working C compiler: /usr/bin/cc - skipped
[0.170s] -- Detecting C compile features
[0.170s] -- Detecting C compile features - done
[0.172s] -- Detecting CXX compiler ABI info
[0.221s] -- Detecting CXX compiler ABI info - done
[0.226s] -- Check for working CXX compiler: /usr/bin/c++ - skipped
[0.226s] -- Detecting CXX compile features
[0.226s] -- Detecting CXX compile features - done
[0.228s] -- Found ament_cmake: 0.9.12 (/opt/ros/foxy/share/ament_cmake/cmake)
[0.246s] -- Found PythonInterp: /usr/bin/python3 (found suitable version "3.8.10", minimum required is "3") 
[0.247s] -- Using PYTHON_EXECUTABLE: /usr/bin/python3
[0.541s] -- Found rclpy: 1.0.13 (/opt/ros/foxy/share/rclpy/cmake)
[0.542s] -- Found geometry_msgs: 2.0.5 (/opt/ros/foxy/share/geometry_msgs/cmake)
[0.562s] -- Using all available rosidl_typesupport_c: rosidl_typesupport_fastrtps_c;rosidl_typesupport_introspection_c
[0.566s] -- Found rosidl_adapter: 1.3.1 (/opt/ros/foxy/share/rosidl_adapter/cmake)
[0.625s] -- Found OpenSSL: /usr/lib/x86_64-linux-gnu/libcrypto.so (found version "1.1.1f")  
[0.648s] -- Found FastRTPS: /opt/ros/foxy/include  
[0.699s] -- Using all available rosidl_typesupport_cpp: rosidl_typesupport_fastrtps_cpp;rosidl_typesupport_introspection_cpp
[0.742s] -- Found sensor_msgs: 2.0.5 (/opt/ros/foxy/share/sensor_msgs/cmake)
[0.820s] -- Configuring done
[0.822s] -- Generating done
[0.822s] -- Build files have been written to: /home/tong/r1_ws/build/r1
[0.828s] Invoked command in '/home/tong/r1_ws/build/r1' returned '0': CMAKE_PREFIX_PATH=${CMAKE_PREFIX_PATH}:/home/tong/robocon_ws/r1_ws/install/joy_tester:/opt/ros/foxy /usr/bin/cmake /home/tong/r1_ws/src/r1 -DCMAKE_INSTALL_PREFIX=/home/tong/r1_ws/install/r1
[0.832s] Invoking command in '/home/tong/r1_ws/build/r1': CMAKE_PREFIX_PATH=${CMAKE_PREFIX_PATH}:/home/tong/robocon_ws/r1_ws/install/joy_tester:/opt/ros/foxy /usr/bin/cmake --build /home/tong/r1_ws/build/r1 -- -j12 -l12
[0.844s] Invoked command in '/home/tong/r1_ws/build/r1' returned '0': CMAKE_PREFIX_PATH=${CMAKE_PREFIX_PATH}:/home/tong/robocon_ws/r1_ws/install/joy_tester:/opt/ros/foxy /usr/bin/cmake --build /home/tong/r1_ws/build/r1 -- -j12 -l12
[0.861s] Invoking command in '/home/tong/r1_ws/build/r1': CMAKE_PREFIX_PATH=${CMAKE_PREFIX_PATH}:/home/tong/robocon_ws/r1_ws/install/joy_tester:/opt/ros/foxy /usr/bin/cmake --install /home/tong/r1_ws/build/r1
[0.864s] -- Install configuration: ""
[0.865s] -- Installing: /home/tong/r1_ws/install/r1/lib/r1/robot_movement.py
[0.865s] -- Installing: /home/tong/r1_ws/install/r1/lib/r1/serialarduino.py
[0.865s] -- Installing: /home/tong/r1_ws/install/r1/lib/r1/odometry.py
[0.865s] -- Installing: /home/tong/r1_ws/install/r1/lib/r1/teleop_robot.py
[0.865s] -- Installing: /home/tong/r1_ws/install/r1/lib/r1/camera_node.py
[0.865s] -- Installing: /home/tong/r1_ws/install/r1/lib/r1/kalmanFilter.py
[0.865s] -- Installing: /home/tong/r1_ws/install/r1/lib/r1/src
[0.865s] -- Installing: /home/tong/r1_ws/install/r1/lib/r1/src/odometry.py
[0.865s] -- Installing: /home/tong/r1_ws/install/r1/lib/r1/src/serialarduino.py
[0.866s] -- Installing: /home/tong/r1_ws/install/r1/lib/r1/src/robot_movement.py
[0.866s] -- Installing: /home/tong/r1_ws/install/r1/lib/r1/src/sub_pose.py
[0.866s] -- Installing: /home/tong/r1_ws/install/r1/lib/r1/src/teleop_robot.py
[0.866s] -- Installing: /home/tong/r1_ws/install/r1/lib/r1/src/kalmanFilter.py
[0.866s] -- Installing: /home/tong/r1_ws/install/r1/lib/r1/src/camera_node.py
[0.866s] -- Installing: /home/tong/r1_ws/install/r1/share/r1/launch
[0.866s] -- Installing: /home/tong/r1_ws/install/r1/share/r1/launch/camera.launch.py
[0.866s] -- Installing: /home/tong/r1_ws/install/r1/share/r1/launch/joystick.launch.py
[0.866s] -- Installing: /home/tong/r1_ws/install/r1/share/r1/launch/r1.launch.py
[0.866s] -- Installing: /home/tong/r1_ws/install/r1/share/ament_index/resource_index/package_run_dependencies/r1
[0.866s] -- Installing: /home/tong/r1_ws/install/r1/share/ament_index/resource_index/parent_prefix_path/r1
[0.866s] -- Installing: /home/tong/r1_ws/install/r1/share/r1/environment/ament_prefix_path.sh
[0.867s] -- Installing: /home/tong/r1_ws/install/r1/share/r1/environment/ament_prefix_path.dsv
[0.867s] -- Installing: /home/tong/r1_ws/install/r1/share/r1/environment/path.sh
[0.867s] -- Installing: /home/tong/r1_ws/install/r1/share/r1/environment/path.dsv
[0.867s] -- Installing: /home/tong/r1_ws/install/r1/share/r1/local_setup.bash
[0.867s] -- Installing: /home/tong/r1_ws/install/r1/share/r1/local_setup.sh
[0.868s] -- Installing: /home/tong/r1_ws/install/r1/share/r1/local_setup.zsh
[0.868s] -- Installing: /home/tong/r1_ws/install/r1/share/r1/local_setup.dsv
[0.868s] -- Installing: /home/tong/r1_ws/install/r1/share/r1/package.dsv
[0.868s] -- Installing: /home/tong/r1_ws/install/r1/share/ament_index/resource_index/packages/r1
[0.868s] -- Installing: /home/tong/r1_ws/install/r1/share/r1/cmake/r1Config.cmake
[0.868s] -- Installing: /home/tong/r1_ws/install/r1/share/r1/cmake/r1Config-version.cmake
[0.869s] -- Installing: /home/tong/r1_ws/install/r1/share/r1/package.xml
[0.869s] Invoked command in '/home/tong/r1_ws/build/r1' returned '0': CMAKE_PREFIX_PATH=${CMAKE_PREFIX_PATH}:/home/tong/robocon_ws/r1_ws/install/joy_tester:/opt/ros/foxy /usr/bin/cmake --install /home/tong/r1_ws/build/r1
